
> pilot-web@0.1.0 dev
> next dev -p 3000

⚠ Warning: Next.js inferred your workspace root, but it may not be correct.
 We detected multiple lockfiles and selected the directory of /Users/pabloliuzzi/Documents/Documents - Pablo’s MacBook Pro/antigravity-project/leuniversita-mvp/package-lock.json as the root directory.
 To silence this warning, set `turbopack.root` in your Next.js config, or consider removing one of the lockfiles if it's not needed.
   See https://nextjs.org/docs/app/api-reference/config/next-config-js/turbopack#root-directory for more information.
 Detected additional lockfiles: 
   * /Users/pabloliuzzi/Documents/Documents - Pablo’s MacBook Pro/antigravity-project/leuniversita-mvp/apps/pilot-web/package-lock.json

▲ Next.js 16.1.0 (Turbopack)
- Local:         http://localhost:3000
- Network:       http://192.168.8.198:3000
- Environments: .env.local

✓ Starting...
Attention: Next.js now collects completely anonymous telemetry regarding usage.
This information is used to shape Next.js' roadmap and prioritize features.
You can learn more, including how to opt-out if you'd not like to participate in this anonymous program, by visiting the following URL:
https://nextjs.org/telemetry

✓ Ready in 799ms
 GET / 200 in 1462ms (compile: 1380ms, render: 82ms)
 GET /login 200 in 162ms (compile: 152ms, render: 10ms)
 GET / 200 in 15ms (compile: 4ms, render: 11ms)
 GET /diagnostic/diritto-privato 200 in 316ms (compile: 304ms, render: 12ms)
 GET /results/19e4e10c-9fee-4112-a08a-bb2957769999 200 in 742ms (compile: 731ms, render: 10ms)
 GET / 200 in 19ms (compile: 1550µs, render: 17ms)
 GET /login 200 in 8ms (compile: 1231µs, render: 7ms)
